<?xml version="1.0" encoding="UTF-8" standalone="no"?>
<!DOCTYPE log SYSTEM "logger.dtd">
<log>
<record>
  <date>2022-10-03T18:07:32.431624100Z</date>
  <millis>1664820452431</millis>
  <nanos>624100</nanos>
  <sequence>0</sequence>
  <logger>avvall.agente.rfc.connector.ConnectorRfc</logger>
  <level>INFO</level>
  <class>avvall.agente.rfc.connector.ConnectorRfc</class>
  <method>main</method>
  <thread>1</thread>
  <message>Iniciando Consulta, Recuperando Registros em getServNf...</message>
</record>
<record>
  <date>2022-10-03T18:07:33.778772300Z</date>
  <millis>1664820453778</millis>
  <nanos>772300</nanos>
  <sequence>1</sequence>
  <logger>avvall.agente.rfc.connector.ConnectorRfc</logger>
  <level>INFO</level>
  <class>avvall.agente.rfc.connector.ConnectorRfc</class>
  <method>main</method>
  <thread>1</thread>
  <message>Retornou 9 registros...</message>
</record>
<record>
  <date>2022-10-03T18:07:33.780767300Z</date>
  <millis>1664820453780</millis>
  <nanos>767300</nanos>
  <sequence>2</sequence>
  <logger>avvall.agente.rfc.connector.ConnectorRfc</logger>
  <level>INFO</level>
  <class>avvall.agente.rfc.connector.ConnectorRfc</class>
  <method>main</method>
  <thread>1</thread>
  <message>Montando propriedades de conection com SAP JCo em JCoDestinationManager.getDestination('ABAP_AS')...</message>
</record>
<record>
  <date>2022-10-03T18:07:33.781765100Z</date>
  <millis>1664820453781</millis>
  <nanos>765100</nanos>
  <sequence>3</sequence>
  <logger>avvall.agente.rfc.connector.ConnectorRfc</logger>
  <level>INFO</level>
  <class>avvall.agente.rfc.connector.ConnectorRfc</class>
  <method>main</method>
  <thread>1</thread>
  <message>Criando arquivo ABAP_AS.jcoDestination...</message>
</record>
<record>
  <date>2022-10-03T18:07:33.790739700Z</date>
  <millis>1664820453790</millis>
  <nanos>739700</nanos>
  <sequence>4</sequence>
  <logger>avvall.agente.rfc.connector.ConnectorRfc</logger>
  <level>INFO</level>
  <class>avvall.agente.rfc.connector.ConnectorRfc</class>
  <method>main</method>
  <thread>1</thread>
  <message>Conectando destination via ABAP_AS.jcoDestination...</message>
</record>
<record>
  <date>2022-10-03T18:07:34.055033Z</date>
  <millis>1664820454055</millis>
  <nanos>33000</nanos>
  <sequence>5</sequence>
  <logger>avvall.agente.rfc.connector.ConnectorRfc</logger>
  <level>INFO</level>
  <class>avvall.agente.rfc.connector.ConnectorRfc</class>
  <method>main</method>
  <thread>1</thread>
  <message>exception com.sap.conn.jco.JCoException: (102) JCO_ERROR_COMMUNICATION: Initialization of destination ABAP_AS failed: Connect to SAP gateway failed
Connection parameters: TYPE=A DEST=ABAP_AS ASHOST=r3rq1ms.nalco.one.net SYSNR=65 PCS=1

LOCATION    CPIC (TCP/IP) on local host with Unicode
ERROR       hostname 'r3rq1ms.nalco.one.net' unknown
TIME        Mon Oct 03 15:07:34 2022
RELEASE     721
COMPONENT   NI (network interface)
VERSION     40
RC          -2
MODULE      ninti.c
LINE        897
DETAIL      NiPGetHostByName: 'r3rq1ms.nalco.one.net' not found
SYSTEM CALL getaddrinfo
COUNTER     2
</message>
</record>
<record>
  <date>2022-10-03T18:07:34.056030900Z</date>
  <millis>1664820454056</millis>
  <nanos>30900</nanos>
  <sequence>6</sequence>
  <logger>avvall.agente.rfc.connector.ConnectorRfc</logger>
  <level>INFO</level>
  <class>avvall.agente.rfc.connector.ConnectorRfc</class>
  <method>main</method>
  <thread>1</thread>
  <message>Instanciando function Z_RFC_NF_SERVICO_ATU_REF...</message>
</record>
<record>
  <date>2022-10-03T18:07:34.058025800Z</date>
  <millis>1664820454058</millis>
  <nanos>25800</nanos>
  <sequence>7</sequence>
  <logger>avvall.agente.rfc.connector.ConnectorRfc</logger>
  <level>SEVERE</level>
  <class>avvall.agente.rfc.connector.ConnectorRfc</class>
  <method>main</method>
  <thread>1</thread>
  <message>Message: Initialization of repository destination ABAP_AS failed: Connect to SAP gateway failed
Connection parameters: TYPE=A DEST=ABAP_AS ASHOST=r3rq1ms.nalco.one.net SYSNR=65 PCS=1

LOCATION    CPIC (TCP/IP) on local host with Unicode
ERROR       hostname 'r3rq1ms.nalco.one.net' unknown
TIME        Mon Oct 03 15:07:34 2022
RELEASE     721
COMPONENT   NI (network interface)
VERSION     40
RC          -2
MODULE      nixxhl.cpp
LINE        193
DETAIL      NiHLGetNodeAddr: hostname cached as unknown
COUNTER     4
</message>
</record>
<record>
  <date>2022-10-03T18:07:34.059023Z</date>
  <millis>1664820454059</millis>
  <nanos>23000</nanos>
  <sequence>8</sequence>
  <logger>avvall.agente.rfc.connector.ConnectorRfc</logger>
  <level>SEVERE</level>
  <class>avvall.agente.rfc.connector.ConnectorRfc</class>
  <method>main</method>
  <thread>1</thread>
  <message>Cause: com.sap.conn.jco.JCoException: (102) JCO_ERROR_COMMUNICATION: Connect to SAP gateway failed
Connection parameters: TYPE=A DEST=ABAP_AS ASHOST=r3rq1ms.nalco.one.net SYSNR=65 PCS=1

LOCATION    CPIC (TCP/IP) on local host with Unicode
ERROR       hostname 'r3rq1ms.nalco.one.net' unknown
TIME        Mon Oct 03 15:07:34 2022
RELEASE     721
COMPONENT   NI (network interface)
VERSION     40
RC          -2
MODULE      nixxhl.cpp
LINE        193
DETAIL      NiHLGetNodeAddr: hostname cached as unknown
COUNTER     4
</message>
</record>
<record>
  <date>2022-10-03T18:07:34.060023600Z</date>
  <millis>1664820454060</millis>
  <nanos>23600</nanos>
  <sequence>9</sequence>
  <logger>avvall.agente.rfc.connector.ConnectorRfc</logger>
  <level>SEVERE</level>
  <class>avvall.agente.rfc.connector.ConnectorRfc</class>
  <method>main</method>
  <thread>1</thread>
  <message>Cause.Message: Connect to SAP gateway failed
Connection parameters: TYPE=A DEST=ABAP_AS ASHOST=r3rq1ms.nalco.one.net SYSNR=65 PCS=1

LOCATION    CPIC (TCP/IP) on local host with Unicode
ERROR       hostname 'r3rq1ms.nalco.one.net' unknown
TIME        Mon Oct 03 15:07:34 2022
RELEASE     721
COMPONENT   NI (network interface)
VERSION     40
RC          -2
MODULE      nixxhl.cpp
LINE        193
DETAIL      NiHLGetNodeAddr: hostname cached as unknown
COUNTER     4
</message>
</record>
</log>
